0 info it worked if it ends with ok
1 verbose cli [ 'C:\\Program Files\\nodejs\\node.exe',
1 verbose cli   'C:\\Program Files\\nodejs\\node_modules\\npm\\bin\\npm-cli.js',
1 verbose cli   'bugs',
1 verbose cli   'abyteabminute' ]
2 info using npm@3.3.6
3 info using node@v5.0.0
4 silly fetchPackageMetaData abyteabminute
5 silly fetchNamedPackageData abyteabminute
6 silly mapToRegistry name abyteabminute
7 silly mapToRegistry using default registry
8 silly mapToRegistry registry https://registry.npmjs.org/
9 silly mapToRegistry uri https://registry.npmjs.org/abyteabminute
10 verbose request uri https://registry.npmjs.org/abyteabminute
11 verbose request no auth needed
12 info attempt registry request try #1 at 4:52:10 PM
13 verbose request id 8f4335760f70e6a1
14 http request GET https://registry.npmjs.org/abyteabminute
15 http 404 https://registry.npmjs.org/abyteabminute
16 verbose headers { 'content-type': 'application/json',
16 verbose headers   'cache-control': 'max-age=0',
16 verbose headers   'content-length': '2',
16 verbose headers   'accept-ranges': 'bytes',
16 verbose headers   date: 'Thu, 20 Oct 2016 14:52:12 GMT',
16 verbose headers   via: '1.1 varnish',
16 verbose headers   age: '0',
16 verbose headers   connection: 'keep-alive',
16 verbose headers   'x-served-by': 'cache-ams4438-AMS',
16 verbose headers   'x-cache': 'MISS',
16 verbose headers   'x-cache-hits': '0',
16 verbose headers   'x-timer': 'S1476975132.143581,VS0,VE388',
16 verbose headers   vary: 'Accept-Encoding' }
17 silly get cb [ 404,
17 silly get   { 'content-type': 'application/json',
17 silly get     'cache-control': 'max-age=0',
17 silly get     'content-length': '2',
17 silly get     'accept-ranges': 'bytes',
17 silly get     date: 'Thu, 20 Oct 2016 14:52:12 GMT',
17 silly get     via: '1.1 varnish',
17 silly get     age: '0',
17 silly get     connection: 'keep-alive',
17 silly get     'x-served-by': 'cache-ams4438-AMS',
17 silly get     'x-cache': 'MISS',
17 silly get     'x-cache-hits': '0',
17 silly get     'x-timer': 'S1476975132.143581,VS0,VE388',
17 silly get     vary: 'Accept-Encoding' } ]
18 silly fetchPackageMetaData Error: Registry returned 404 for GET on https://registry.npmjs.org/abyteabminute
18 silly fetchPackageMetaData     at makeError (C:\Program Files\nodejs\node_modules\npm\node_modules\npm-registry-client\lib\request.js:264:12)
18 silly fetchPackageMetaData     at CachingRegistryClient.<anonymous> (C:\Program Files\nodejs\node_modules\npm\node_modules\npm-registry-client\lib\request.js:242:14)
18 silly fetchPackageMetaData     at Request._callback (C:\Program Files\nodejs\node_modules\npm\node_modules\npm-registry-client\lib\request.js:172:14)
18 silly fetchPackageMetaData     at Request.self.callback (C:\Program Files\nodejs\node_modules\npm\node_modules\request\request.js:198:22)
18 silly fetchPackageMetaData     at emitTwo (events.js:87:13)
18 silly fetchPackageMetaData     at Request.emit (events.js:172:7)
18 silly fetchPackageMetaData     at Request.<anonymous> (C:\Program Files\nodejs\node_modules\npm\node_modules\request\request.js:1063:14)
18 silly fetchPackageMetaData     at emitOne (events.js:82:20)
18 silly fetchPackageMetaData     at Request.emit (events.js:169:7)
18 silly fetchPackageMetaData     at IncomingMessage.<anonymous> (C:\Program Files\nodejs\node_modules\npm\node_modules\request\request.js:1009:12)
18 silly fetchPackageMetaData  error for abyteabminute { [Error: Registry returned 404 for GET on https://registry.npmjs.org/abyteabminute] pkgid: 'abyteabminute', statusCode: 404, code: 'E404' }
19 verbose stack Error: Registry returned 404 for GET on https://registry.npmjs.org/abyteabminute
19 verbose stack     at makeError (C:\Program Files\nodejs\node_modules\npm\node_modules\npm-registry-client\lib\request.js:264:12)
19 verbose stack     at CachingRegistryClient.<anonymous> (C:\Program Files\nodejs\node_modules\npm\node_modules\npm-registry-client\lib\request.js:242:14)
19 verbose stack     at Request._callback (C:\Program Files\nodejs\node_modules\npm\node_modules\npm-registry-client\lib\request.js:172:14)
19 verbose stack     at Request.self.callback (C:\Program Files\nodejs\node_modules\npm\node_modules\request\request.js:198:22)
19 verbose stack     at emitTwo (events.js:87:13)
19 verbose stack     at Request.emit (events.js:172:7)
19 verbose stack     at Request.<anonymous> (C:\Program Files\nodejs\node_modules\npm\node_modules\request\request.js:1063:14)
19 verbose stack     at emitOne (events.js:82:20)
19 verbose stack     at Request.emit (events.js:169:7)
19 verbose stack     at IncomingMessage.<anonymous> (C:\Program Files\nodejs\node_modules\npm\node_modules\request\request.js:1009:12)
20 verbose statusCode 404
21 verbose pkgid abyteabminute
22 verbose cwd C:\Users\ruben\abyteabminute
23 error Windows_NT 10.0.14393
24 error argv "C:\\Program Files\\nodejs\\node.exe" "C:\\Program Files\\nodejs\\node_modules\\npm\\bin\\npm-cli.js" "bugs" "abyteabminute"
25 error node v5.0.0
26 error npm  v3.3.6
27 error code E404
28 error 404 Registry returned 404 for GET on https://registry.npmjs.org/abyteabminute
28 error 404
28 error 404 'abyteabminute' is not in the npm registry.
28 error 404 You should bug the author to publish it (or use the name yourself!)
28 error 404
28 error 404 Note that you can also install from a
28 error 404 tarball, folder, http url, or git url.
29 verbose exit [ 1, true ]
